==730847== Memcheck, a memory error detector
==730847== Copyright (C) 2002-2017, and GNU GPL'd, by Julian Seward et al.
==730847== Using Valgrind-3.18.1 and LibVEX; rerun with -h for copyright info
==730847== Command: ./minishell
==730847== Parent PID: 730846
==730847== 
==730848== 
==730848== FILE DESCRIPTORS: 9 open (3 std) at exit.
==730848== Open file descriptor 103: /usr/share/code/v8_context_snapshot.bin
==730848==    <inherited from parent>
==730848== 
==730848== Open AF_UNIX socket 46: <unknown>
==730848==    <inherited from parent>
==730848== 
==730848== Open AF_UNIX socket 45: <unknown>
==730848==    <inherited from parent>
==730848== 
==730848== Open file descriptor 43: /home/gvalente/.config/Code/logs/20250303T111541/ptyhost.log
==730848==    <inherited from parent>
==730848== 
==730848== Open file descriptor 29: /dev/ptmx
==730848==    <inherited from parent>
==730848== 
==730848== Open file descriptor 3: /home/gvalente/Desktop/42_Projects/core_3/Minishell/leaks.log
==730848==    <inherited from parent>
==730848== 
==730848== 
==730848== HEAP SUMMARY:
==730848==     in use at exit: 17,214 bytes in 865 blocks
==730848==   total heap usage: 1,835 allocs, 970 frees, 62,787 bytes allocated
==730848== 
==730848== LEAK SUMMARY:
==730848==    definitely lost: 0 bytes in 0 blocks
==730848==    indirectly lost: 0 bytes in 0 blocks
==730848==      possibly lost: 0 bytes in 0 blocks
==730848==    still reachable: 0 bytes in 0 blocks
==730848==         suppressed: 17,214 bytes in 865 blocks
==730848== 
==730848== For lists of detected and suppressed errors, rerun with: -s
==730848== ERROR SUMMARY: 0 errors from 0 contexts (suppressed: 0 from 0)
==730849== 
==730849== FILE DESCRIPTORS: 9 open (3 std) at exit.
==730849== Open file descriptor 103: /usr/share/code/v8_context_snapshot.bin
==730849==    <inherited from parent>
==730849== 
==730849== Open AF_UNIX socket 46: <unknown>
==730849==    <inherited from parent>
==730849== 
==730849== Open AF_UNIX socket 45: <unknown>
==730849==    <inherited from parent>
==730849== 
==730849== Open file descriptor 43: /home/gvalente/.config/Code/logs/20250303T111541/ptyhost.log
==730849==    <inherited from parent>
==730849== 
==730849== Open file descriptor 29: /dev/ptmx
==730849==    <inherited from parent>
==730849== 
==730849== Open file descriptor 3: /home/gvalente/Desktop/42_Projects/core_3/Minishell/leaks.log
==730849==    <inherited from parent>
==730849== 
==730849== 
==730849== HEAP SUMMARY:
==730849==     in use at exit: 17,214 bytes in 865 blocks
==730849==   total heap usage: 1,879 allocs, 1,014 frees, 63,792 bytes allocated
==730849== 
==730849== LEAK SUMMARY:
==730849==    definitely lost: 0 bytes in 0 blocks
==730849==    indirectly lost: 0 bytes in 0 blocks
==730849==      possibly lost: 0 bytes in 0 blocks
==730849==    still reachable: 0 bytes in 0 blocks
==730849==         suppressed: 17,214 bytes in 865 blocks
==730849== 
==730849== For lists of detected and suppressed errors, rerun with: -s
==730849== ERROR SUMMARY: 0 errors from 0 contexts (suppressed: 0 from 0)
==730870== 
==730870== FILE DESCRIPTORS: 9 open (3 std) at exit.
==730870== Open file descriptor 103: /usr/share/code/v8_context_snapshot.bin
==730870==    <inherited from parent>
==730870== 
==730870== Open AF_UNIX socket 46: <unknown>
==730870==    <inherited from parent>
==730870== 
==730870== Open AF_UNIX socket 45: <unknown>
==730870==    <inherited from parent>
==730870== 
==730870== Open file descriptor 43: /home/gvalente/.config/Code/logs/20250303T111541/ptyhost.log
==730870==    <inherited from parent>
==730870== 
==730870== Open file descriptor 29: /dev/ptmx
==730870==    <inherited from parent>
==730870== 
==730870== Open file descriptor 3: /home/gvalente/Desktop/42_Projects/core_3/Minishell/leaks.log
==730870==    <inherited from parent>
==730870== 
==730870== 
==730870== HEAP SUMMARY:
==730870==     in use at exit: 17,214 bytes in 865 blocks
==730870==   total heap usage: 1,919 allocs, 1,054 frees, 65,186 bytes allocated
==730870== 
==730870== LEAK SUMMARY:
==730870==    definitely lost: 0 bytes in 0 blocks
==730870==    indirectly lost: 0 bytes in 0 blocks
==730870==      possibly lost: 0 bytes in 0 blocks
==730870==    still reachable: 0 bytes in 0 blocks
==730870==         suppressed: 17,214 bytes in 865 blocks
==730870== 
==730870== For lists of detected and suppressed errors, rerun with: -s
==730870== ERROR SUMMARY: 0 errors from 0 contexts (suppressed: 0 from 0)
==730871== 
==730871== FILE DESCRIPTORS: 9 open (3 std) at exit.
==730871== Open file descriptor 103: /usr/share/code/v8_context_snapshot.bin
==730871==    <inherited from parent>
==730871== 
==730871== Open AF_UNIX socket 46: <unknown>
==730871==    <inherited from parent>
==730871== 
==730871== Open AF_UNIX socket 45: <unknown>
==730871==    <inherited from parent>
==730871== 
==730871== Open file descriptor 43: /home/gvalente/.config/Code/logs/20250303T111541/ptyhost.log
==730871==    <inherited from parent>
==730871== 
==730871== Open file descriptor 29: /dev/ptmx
==730871==    <inherited from parent>
==730871== 
==730871== Open file descriptor 3: /home/gvalente/Desktop/42_Projects/core_3/Minishell/leaks.log
==730871==    <inherited from parent>
==730871== 
==730871== 
==730871== HEAP SUMMARY:
==730871==     in use at exit: 17,214 bytes in 865 blocks
==730871==   total heap usage: 1,950 allocs, 1,085 frees, 66,018 bytes allocated
==730871== 
==730871== LEAK SUMMARY:
==730871==    definitely lost: 0 bytes in 0 blocks
==730871==    indirectly lost: 0 bytes in 0 blocks
==730871==      possibly lost: 0 bytes in 0 blocks
==730871==    still reachable: 0 bytes in 0 blocks
==730871==         suppressed: 17,214 bytes in 865 blocks
==730871== 
==730871== For lists of detected and suppressed errors, rerun with: -s
==730871== ERROR SUMMARY: 0 errors from 0 contexts (suppressed: 0 from 0)
==730897== 
==730897== FILE DESCRIPTORS: 9 open (3 std) at exit.
==730897== Open file descriptor 103: /usr/share/code/v8_context_snapshot.bin
==730897==    <inherited from parent>
==730897== 
==730897== Open AF_UNIX socket 46: <unknown>
==730897==    <inherited from parent>
==730897== 
==730897== Open AF_UNIX socket 45: <unknown>
==730897==    <inherited from parent>
==730897== 
==730897== Open file descriptor 43: /home/gvalente/.config/Code/logs/20250303T111541/ptyhost.log
==730897==    <inherited from parent>
==730897== 
==730897== Open file descriptor 29: /dev/ptmx
==730897==    <inherited from parent>
==730897== 
==730897== Open file descriptor 3: /home/gvalente/Desktop/42_Projects/core_3/Minishell/leaks.log
==730897==    <inherited from parent>
==730897== 
==730897== 
==730897== HEAP SUMMARY:
==730897==     in use at exit: 18,491 bytes in 887 blocks
==730897==   total heap usage: 3,158 allocs, 2,271 frees, 101,847 bytes allocated
==730897== 
==730897== 45 bytes in 11 blocks are still reachable in loss record 1 of 6
==730897==    at 0xCCB9899: malloc (in /usr/libexec/valgrind/vgpreload_memcheck-amd64-linux.so)
==730897==    by 0x117AD6: ft_strdup (in /home/gvalente/Desktop/42_Projects/core_3/Minishell/minishell)
==730897==    by 0x11635F: new_token (in /home/gvalente/Desktop/42_Projects/core_3/Minishell/minishell)
==730897==    by 0x1147A0: set_tok (in /home/gvalente/Desktop/42_Projects/core_3/Minishell/minishell)
==730897==    by 0x1148ED: get_split_tokens (in /home/gvalente/Desktop/42_Projects/core_3/Minishell/minishell)
==730897==    by 0x1149D6: tokenize_string (in /home/gvalente/Desktop/42_Projects/core_3/Minishell/minishell)
==730897==    by 0x10E290: exec_input (in /home/gvalente/Desktop/42_Projects/core_3/Minishell/minishell)
==730897==    by 0x113782: execute_line (in /home/gvalente/Desktop/42_Projects/core_3/Minishell/minishell)
==730897==    by 0x113859: exec_source (in /home/gvalente/Desktop/42_Projects/core_3/Minishell/minishell)
==730897==    by 0x1138BE: source (in /home/gvalente/Desktop/42_Projects/core_3/Minishell/minishell)
==730897==    by 0x10A0D9: init_builtins_data (in /home/gvalente/Desktop/42_Projects/core_3/Minishell/minishell)
==730897==    by 0x109A85: init_msh_data (in /home/gvalente/Desktop/42_Projects/core_3/Minishell/minishell)
==730897== 
==730897== 1,232 bytes in 11 blocks are still reachable in loss record 2 of 6
==730897==    at 0xCCB9899: malloc (in /usr/libexec/valgrind/vgpreload_memcheck-amd64-linux.so)
==730897==    by 0x1162CE: new_token (in /home/gvalente/Desktop/42_Projects/core_3/Minishell/minishell)
==730897==    by 0x1147A0: set_tok (in /home/gvalente/Desktop/42_Projects/core_3/Minishell/minishell)
==730897==    by 0x1148ED: get_split_tokens (in /home/gvalente/Desktop/42_Projects/core_3/Minishell/minishell)
==730897==    by 0x1149D6: tokenize_string (in /home/gvalente/Desktop/42_Projects/core_3/Minishell/minishell)
==730897==    by 0x10E290: exec_input (in /home/gvalente/Desktop/42_Projects/core_3/Minishell/minishell)
==730897==    by 0x113782: execute_line (in /home/gvalente/Desktop/42_Projects/core_3/Minishell/minishell)
==730897==    by 0x113859: exec_source (in /home/gvalente/Desktop/42_Projects/core_3/Minishell/minishell)
==730897==    by 0x1138BE: source (in /home/gvalente/Desktop/42_Projects/core_3/Minishell/minishell)
==730897==    by 0x10A0D9: init_builtins_data (in /home/gvalente/Desktop/42_Projects/core_3/Minishell/minishell)
==730897==    by 0x109A85: init_msh_data (in /home/gvalente/Desktop/42_Projects/core_3/Minishell/minishell)
==730897==    by 0x1177DE: init_msh (in /home/gvalente/Desktop/42_Projects/core_3/Minishell/minishell)
==730897== 
==730897== LEAK SUMMARY:
==730897==    definitely lost: 0 bytes in 0 blocks
==730897==    indirectly lost: 0 bytes in 0 blocks
==730897==      possibly lost: 0 bytes in 0 blocks
==730897==    still reachable: 1,277 bytes in 22 blocks
==730897==         suppressed: 17,214 bytes in 865 blocks
==730897== 
==730897== For lists of detected and suppressed errors, rerun with: -s
==730897== ERROR SUMMARY: 0 errors from 0 contexts (suppressed: 0 from 0)
==730926== 
==730926== FILE DESCRIPTORS: 9 open (3 std) at exit.
==730926== Open file descriptor 103: /usr/share/code/v8_context_snapshot.bin
==730926==    <inherited from parent>
==730926== 
==730926== Open AF_UNIX socket 46: <unknown>
==730926==    <inherited from parent>
==730926== 
==730926== Open AF_UNIX socket 45: <unknown>
==730926==    <inherited from parent>
==730926== 
==730926== Open file descriptor 43: /home/gvalente/.config/Code/logs/20250303T111541/ptyhost.log
==730926==    <inherited from parent>
==730926== 
==730926== Open file descriptor 29: /dev/ptmx
==730926==    <inherited from parent>
==730926== 
==730926== Open file descriptor 3: /home/gvalente/Desktop/42_Projects/core_3/Minishell/leaks.log
==730926==    <inherited from parent>
==730926== 
==730926== 
==730926== HEAP SUMMARY:
==730926==     in use at exit: 18,630 bytes in 889 blocks
==730926==   total heap usage: 4,536 allocs, 3,647 frees, 143,920 bytes allocated
==730926== 
==730926== 27 bytes in 4 blocks are indirectly lost in loss record 1 of 9
==730926==    at 0xCCB9899: malloc (in /usr/libexec/valgrind/vgpreload_memcheck-amd64-linux.so)
==730926==    by 0x117AD6: ft_strdup (in /home/gvalente/Desktop/42_Projects/core_3/Minishell/minishell)
==730926==    by 0x11635F: new_token (in /home/gvalente/Desktop/42_Projects/core_3/Minishell/minishell)
==730926==    by 0x1147A0: set_tok (in /home/gvalente/Desktop/42_Projects/core_3/Minishell/minishell)
==730926==    by 0x1148ED: get_split_tokens (in /home/gvalente/Desktop/42_Projects/core_3/Minishell/minishell)
==730926==    by 0x1149D6: tokenize_string (in /home/gvalente/Desktop/42_Projects/core_3/Minishell/minishell)
==730926==    by 0x10E290: exec_input (in /home/gvalente/Desktop/42_Projects/core_3/Minishell/minishell)
==730926==    by 0x113782: execute_line (in /home/gvalente/Desktop/42_Projects/core_3/Minishell/minishell)
==730926==    by 0x113859: exec_source (in /home/gvalente/Desktop/42_Projects/core_3/Minishell/minishell)
==730926==    by 0x1138BE: source (in /home/gvalente/Desktop/42_Projects/core_3/Minishell/minishell)
==730926==    by 0x10A0D9: init_builtins_data (in /home/gvalente/Desktop/42_Projects/core_3/Minishell/minishell)
==730926==    by 0x109A85: init_msh_data (in /home/gvalente/Desktop/42_Projects/core_3/Minishell/minishell)
==730926== 
==730926== 45 bytes in 8 blocks are still reachable in loss record 2 of 9
==730926==    at 0xCCB9899: malloc (in /usr/libexec/valgrind/vgpreload_memcheck-amd64-linux.so)
==730926==    by 0x117AD6: ft_strdup (in /home/gvalente/Desktop/42_Projects/core_3/Minishell/minishell)
==730926==    by 0x11635F: new_token (in /home/gvalente/Desktop/42_Projects/core_3/Minishell/minishell)
==730926==    by 0x1147A0: set_tok (in /home/gvalente/Desktop/42_Projects/core_3/Minishell/minishell)
==730926==    by 0x1148ED: get_split_tokens (in /home/gvalente/Desktop/42_Projects/core_3/Minishell/minishell)
==730926==    by 0x1149D6: tokenize_string (in /home/gvalente/Desktop/42_Projects/core_3/Minishell/minishell)
==730926==    by 0x10E290: exec_input (in /home/gvalente/Desktop/42_Projects/core_3/Minishell/minishell)
==730926==    by 0x113782: execute_line (in /home/gvalente/Desktop/42_Projects/core_3/Minishell/minishell)
==730926==    by 0x113859: exec_source (in /home/gvalente/Desktop/42_Projects/core_3/Minishell/minishell)
==730926==    by 0x1138BE: source (in /home/gvalente/Desktop/42_Projects/core_3/Minishell/minishell)
==730926==    by 0x10A0D9: init_builtins_data (in /home/gvalente/Desktop/42_Projects/core_3/Minishell/minishell)
==730926==    by 0x109A85: init_msh_data (in /home/gvalente/Desktop/42_Projects/core_3/Minishell/minishell)
==730926== 
==730926== 336 bytes in 3 blocks are indirectly lost in loss record 3 of 9
==730926==    at 0xCCB9899: malloc (in /usr/libexec/valgrind/vgpreload_memcheck-amd64-linux.so)
==730926==    by 0x1162CE: new_token (in /home/gvalente/Desktop/42_Projects/core_3/Minishell/minishell)
==730926==    by 0x1147A0: set_tok (in /home/gvalente/Desktop/42_Projects/core_3/Minishell/minishell)
==730926==    by 0x1148ED: get_split_tokens (in /home/gvalente/Desktop/42_Projects/core_3/Minishell/minishell)
==730926==    by 0x1149D6: tokenize_string (in /home/gvalente/Desktop/42_Projects/core_3/Minishell/minishell)
==730926==    by 0x10E290: exec_input (in /home/gvalente/Desktop/42_Projects/core_3/Minishell/minishell)
==730926==    by 0x113782: execute_line (in /home/gvalente/Desktop/42_Projects/core_3/Minishell/minishell)
==730926==    by 0x113859: exec_source (in /home/gvalente/Desktop/42_Projects/core_3/Minishell/minishell)
==730926==    by 0x1138BE: source (in /home/gvalente/Desktop/42_Projects/core_3/Minishell/minishell)
==730926==    by 0x10A0D9: init_builtins_data (in /home/gvalente/Desktop/42_Projects/core_3/Minishell/minishell)
==730926==    by 0x109A85: init_msh_data (in /home/gvalente/Desktop/42_Projects/core_3/Minishell/minishell)
==730926==    by 0x1177DE: init_msh (in /home/gvalente/Desktop/42_Projects/core_3/Minishell/minishell)
==730926== 
==730926== 475 (112 direct, 363 indirect) bytes in 1 blocks are definitely lost in loss record 4 of 9
==730926==    at 0xCCB9899: malloc (in /usr/libexec/valgrind/vgpreload_memcheck-amd64-linux.so)
==730926==    by 0x1162CE: new_token (in /home/gvalente/Desktop/42_Projects/core_3/Minishell/minishell)
==730926==    by 0x1147A0: set_tok (in /home/gvalente/Desktop/42_Projects/core_3/Minishell/minishell)
==730926==    by 0x1148ED: get_split_tokens (in /home/gvalente/Desktop/42_Projects/core_3/Minishell/minishell)
==730926==    by 0x1149D6: tokenize_string (in /home/gvalente/Desktop/42_Projects/core_3/Minishell/minishell)
==730926==    by 0x10E290: exec_input (in /home/gvalente/Desktop/42_Projects/core_3/Minishell/minishell)
==730926==    by 0x113782: execute_line (in /home/gvalente/Desktop/42_Projects/core_3/Minishell/minishell)
==730926==    by 0x113859: exec_source (in /home/gvalente/Desktop/42_Projects/core_3/Minishell/minishell)
==730926==    by 0x1138BE: source (in /home/gvalente/Desktop/42_Projects/core_3/Minishell/minishell)
==730926==    by 0x10A0D9: init_builtins_data (in /home/gvalente/Desktop/42_Projects/core_3/Minishell/minishell)
==730926==    by 0x109A85: init_msh_data (in /home/gvalente/Desktop/42_Projects/core_3/Minishell/minishell)
==730926==    by 0x1177DE: init_msh (in /home/gvalente/Desktop/42_Projects/core_3/Minishell/minishell)
==730926== 
==730926== 896 bytes in 8 blocks are still reachable in loss record 5 of 9
==730926==    at 0xCCB9899: malloc (in /usr/libexec/valgrind/vgpreload_memcheck-amd64-linux.so)
==730926==    by 0x1162CE: new_token (in /home/gvalente/Desktop/42_Projects/core_3/Minishell/minishell)
==730926==    by 0x1147A0: set_tok (in /home/gvalente/Desktop/42_Projects/core_3/Minishell/minishell)
==730926==    by 0x1148ED: get_split_tokens (in /home/gvalente/Desktop/42_Projects/core_3/Minishell/minishell)
==730926==    by 0x1149D6: tokenize_string (in /home/gvalente/Desktop/42_Projects/core_3/Minishell/minishell)
==730926==    by 0x10E290: exec_input (in /home/gvalente/Desktop/42_Projects/core_3/Minishell/minishell)
==730926==    by 0x113782: execute_line (in /home/gvalente/Desktop/42_Projects/core_3/Minishell/minishell)
==730926==    by 0x113859: exec_source (in /home/gvalente/Desktop/42_Projects/core_3/Minishell/minishell)
==730926==    by 0x1138BE: source (in /home/gvalente/Desktop/42_Projects/core_3/Minishell/minishell)
==730926==    by 0x10A0D9: init_builtins_data (in /home/gvalente/Desktop/42_Projects/core_3/Minishell/minishell)
==730926==    by 0x109A85: init_msh_data (in /home/gvalente/Desktop/42_Projects/core_3/Minishell/minishell)
==730926==    by 0x1177DE: init_msh (in /home/gvalente/Desktop/42_Projects/core_3/Minishell/minishell)
==730926== 
==730926== LEAK SUMMARY:
==730926==    definitely lost: 112 bytes in 1 blocks
==730926==    indirectly lost: 363 bytes in 7 blocks
==730926==      possibly lost: 0 bytes in 0 blocks
==730926==    still reachable: 941 bytes in 16 blocks
==730926==         suppressed: 17,214 bytes in 865 blocks
==730926== 
==730926== For lists of detected and suppressed errors, rerun with: -s
==730926== ERROR SUMMARY: 1 errors from 1 contexts (suppressed: 0 from 0)
==730927== 
==730927== FILE DESCRIPTORS: 9 open (3 std) at exit.
==730927== Open file descriptor 103: /usr/share/code/v8_context_snapshot.bin
==730927==    <inherited from parent>
==730927== 
==730927== Open AF_UNIX socket 46: <unknown>
==730927==    <inherited from parent>
==730927== 
==730927== Open AF_UNIX socket 45: <unknown>
==730927==    <inherited from parent>
==730927== 
==730927== Open file descriptor 43: /home/gvalente/.config/Code/logs/20250303T111541/ptyhost.log
==730927==    <inherited from parent>
==730927== 
==730927== Open file descriptor 29: /dev/ptmx
==730927==    <inherited from parent>
==730927== 
==730927== Open file descriptor 3: /home/gvalente/Desktop/42_Projects/core_3/Minishell/leaks.log
==730927==    <inherited from parent>
==730927== 
==730927== 
==730927== HEAP SUMMARY:
==730927==     in use at exit: 18,630 bytes in 889 blocks
==730927==   total heap usage: 4,536 allocs, 3,647 frees, 143,920 bytes allocated
==730927== 
==730927== 27 bytes in 4 blocks are indirectly lost in loss record 1 of 9
==730927==    at 0xCCB9899: malloc (in /usr/libexec/valgrind/vgpreload_memcheck-amd64-linux.so)
==730927==    by 0x117AD6: ft_strdup (in /home/gvalente/Desktop/42_Projects/core_3/Minishell/minishell)
==730927==    by 0x11635F: new_token (in /home/gvalente/Desktop/42_Projects/core_3/Minishell/minishell)
==730927==    by 0x1147A0: set_tok (in /home/gvalente/Desktop/42_Projects/core_3/Minishell/minishell)
==730927==    by 0x1148ED: get_split_tokens (in /home/gvalente/Desktop/42_Projects/core_3/Minishell/minishell)
==730927==    by 0x1149D6: tokenize_string (in /home/gvalente/Desktop/42_Projects/core_3/Minishell/minishell)
==730927==    by 0x10E290: exec_input (in /home/gvalente/Desktop/42_Projects/core_3/Minishell/minishell)
==730927==    by 0x113782: execute_line (in /home/gvalente/Desktop/42_Projects/core_3/Minishell/minishell)
==730927==    by 0x113859: exec_source (in /home/gvalente/Desktop/42_Projects/core_3/Minishell/minishell)
==730927==    by 0x1138BE: source (in /home/gvalente/Desktop/42_Projects/core_3/Minishell/minishell)
==730927==    by 0x10A0D9: init_builtins_data (in /home/gvalente/Desktop/42_Projects/core_3/Minishell/minishell)
==730927==    by 0x109A85: init_msh_data (in /home/gvalente/Desktop/42_Projects/core_3/Minishell/minishell)
==730927== 
==730927== 45 bytes in 8 blocks are still reachable in loss record 2 of 9
==730927==    at 0xCCB9899: malloc (in /usr/libexec/valgrind/vgpreload_memcheck-amd64-linux.so)
==730927==    by 0x117AD6: ft_strdup (in /home/gvalente/Desktop/42_Projects/core_3/Minishell/minishell)
==730927==    by 0x11635F: new_token (in /home/gvalente/Desktop/42_Projects/core_3/Minishell/minishell)
==730927==    by 0x1147A0: set_tok (in /home/gvalente/Desktop/42_Projects/core_3/Minishell/minishell)
==730927==    by 0x1148ED: get_split_tokens (in /home/gvalente/Desktop/42_Projects/core_3/Minishell/minishell)
==730927==    by 0x1149D6: tokenize_string (in /home/gvalente/Desktop/42_Projects/core_3/Minishell/minishell)
==730927==    by 0x10E290: exec_input (in /home/gvalente/Desktop/42_Projects/core_3/Minishell/minishell)
==730927==    by 0x113782: execute_line (in /home/gvalente/Desktop/42_Projects/core_3/Minishell/minishell)
==730927==    by 0x113859: exec_source (in /home/gvalente/Desktop/42_Projects/core_3/Minishell/minishell)
==730927==    by 0x1138BE: source (in /home/gvalente/Desktop/42_Projects/core_3/Minishell/minishell)
==730927==    by 0x10A0D9: init_builtins_data (in /home/gvalente/Desktop/42_Projects/core_3/Minishell/minishell)
==730927==    by 0x109A85: init_msh_data (in /home/gvalente/Desktop/42_Projects/core_3/Minishell/minishell)
==730927== 
==730927== 336 bytes in 3 blocks are indirectly lost in loss record 3 of 9
==730927==    at 0xCCB9899: malloc (in /usr/libexec/valgrind/vgpreload_memcheck-amd64-linux.so)
==730927==    by 0x1162CE: new_token (in /home/gvalente/Desktop/42_Projects/core_3/Minishell/minishell)
==730927==    by 0x1147A0: set_tok (in /home/gvalente/Desktop/42_Projects/core_3/Minishell/minishell)
==730927==    by 0x1148ED: get_split_tokens (in /home/gvalente/Desktop/42_Projects/core_3/Minishell/minishell)
==730927==    by 0x1149D6: tokenize_string (in /home/gvalente/Desktop/42_Projects/core_3/Minishell/minishell)
==730927==    by 0x10E290: exec_input (in /home/gvalente/Desktop/42_Projects/core_3/Minishell/minishell)
==730927==    by 0x113782: execute_line (in /home/gvalente/Desktop/42_Projects/core_3/Minishell/minishell)
==730927==    by 0x113859: exec_source (in /home/gvalente/Desktop/42_Projects/core_3/Minishell/minishell)
==730927==    by 0x1138BE: source (in /home/gvalente/Desktop/42_Projects/core_3/Minishell/minishell)
==730927==    by 0x10A0D9: init_builtins_data (in /home/gvalente/Desktop/42_Projects/core_3/Minishell/minishell)
==730927==    by 0x109A85: init_msh_data (in /home/gvalente/Desktop/42_Projects/core_3/Minishell/minishell)
==730927==    by 0x1177DE: init_msh (in /home/gvalente/Desktop/42_Projects/core_3/Minishell/minishell)
==730927== 
==730927== 475 (112 direct, 363 indirect) bytes in 1 blocks are definitely lost in loss record 4 of 9
==730927==    at 0xCCB9899: malloc (in /usr/libexec/valgrind/vgpreload_memcheck-amd64-linux.so)
==730927==    by 0x1162CE: new_token (in /home/gvalente/Desktop/42_Projects/core_3/Minishell/minishell)
==730927==    by 0x1147A0: set_tok (in /home/gvalente/Desktop/42_Projects/core_3/Minishell/minishell)
==730927==    by 0x1148ED: get_split_tokens (in /home/gvalente/Desktop/42_Projects/core_3/Minishell/minishell)
==730927==    by 0x1149D6: tokenize_string (in /home/gvalente/Desktop/42_Projects/core_3/Minishell/minishell)
==730927==    by 0x10E290: exec_input (in /home/gvalente/Desktop/42_Projects/core_3/Minishell/minishell)
==730927==    by 0x113782: execute_line (in /home/gvalente/Desktop/42_Projects/core_3/Minishell/minishell)
==730927==    by 0x113859: exec_source (in /home/gvalente/Desktop/42_Projects/core_3/Minishell/minishell)
==730927==    by 0x1138BE: source (in /home/gvalente/Desktop/42_Projects/core_3/Minishell/minishell)
==730927==    by 0x10A0D9: init_builtins_data (in /home/gvalente/Desktop/42_Projects/core_3/Minishell/minishell)
==730927==    by 0x109A85: init_msh_data (in /home/gvalente/Desktop/42_Projects/core_3/Minishell/minishell)
==730927==    by 0x1177DE: init_msh (in /home/gvalente/Desktop/42_Projects/core_3/Minishell/minishell)
==730927== 
==730927== 896 bytes in 8 blocks are still reachable in loss record 5 of 9
==730927==    at 0xCCB9899: malloc (in /usr/libexec/valgrind/vgpreload_memcheck-amd64-linux.so)
==730927==    by 0x1162CE: new_token (in /home/gvalente/Desktop/42_Projects/core_3/Minishell/minishell)
==730927==    by 0x1147A0: set_tok (in /home/gvalente/Desktop/42_Projects/core_3/Minishell/minishell)
==730927==    by 0x1148ED: get_split_tokens (in /home/gvalente/Desktop/42_Projects/core_3/Minishell/minishell)
==730927==    by 0x1149D6: tokenize_string (in /home/gvalente/Desktop/42_Projects/core_3/Minishell/minishell)
==730927==    by 0x10E290: exec_input (in /home/gvalente/Desktop/42_Projects/core_3/Minishell/minishell)
==730927==    by 0x113782: execute_line (in /home/gvalente/Desktop/42_Projects/core_3/Minishell/minishell)
==730927==    by 0x113859: exec_source (in /home/gvalente/Desktop/42_Projects/core_3/Minishell/minishell)
==730927==    by 0x1138BE: source (in /home/gvalente/Desktop/42_Projects/core_3/Minishell/minishell)
==730927==    by 0x10A0D9: init_builtins_data (in /home/gvalente/Desktop/42_Projects/core_3/Minishell/minishell)
==730927==    by 0x109A85: init_msh_data (in /home/gvalente/Desktop/42_Projects/core_3/Minishell/minishell)
==730927==    by 0x1177DE: init_msh (in /home/gvalente/Desktop/42_Projects/core_3/Minishell/minishell)
==730927== 
==730927== LEAK SUMMARY:
==730927==    definitely lost: 112 bytes in 1 blocks
==730927==    indirectly lost: 363 bytes in 7 blocks
==730927==      possibly lost: 0 bytes in 0 blocks
==730927==    still reachable: 941 bytes in 16 blocks
==730927==         suppressed: 17,214 bytes in 865 blocks
==730927== 
==730927== For lists of detected and suppressed errors, rerun with: -s
==730927== ERROR SUMMARY: 1 errors from 1 contexts (suppressed: 0 from 0)
==730925== 
==730925== FILE DESCRIPTORS: 9 open (3 std) at exit.
==730925== Open file descriptor 103: /usr/share/code/v8_context_snapshot.bin
==730925==    <inherited from parent>
==730925== 
==730925== Open AF_UNIX socket 46: <unknown>
==730925==    <inherited from parent>
==730925== 
==730925== Open AF_UNIX socket 45: <unknown>
==730925==    <inherited from parent>
==730925== 
==730925== Open file descriptor 43: /home/gvalente/.config/Code/logs/20250303T111541/ptyhost.log
==730925==    <inherited from parent>
==730925== 
==730925== Open file descriptor 29: /dev/ptmx
==730925==    <inherited from parent>
==730925== 
==730925== Open file descriptor 3: /home/gvalente/Desktop/42_Projects/core_3/Minishell/leaks.log
==730925==    <inherited from parent>
==730925== 
==730925== 
==730925== HEAP SUMMARY:
==730925==     in use at exit: 18,630 bytes in 889 blocks
==730925==   total heap usage: 4,495 allocs, 3,606 frees, 142,950 bytes allocated
==730925== 
==730925== 27 bytes in 4 blocks are indirectly lost in loss record 1 of 9
==730925==    at 0xCCB9899: malloc (in /usr/libexec/valgrind/vgpreload_memcheck-amd64-linux.so)
==730925==    by 0x117AD6: ft_strdup (in /home/gvalente/Desktop/42_Projects/core_3/Minishell/minishell)
==730925==    by 0x11635F: new_token (in /home/gvalente/Desktop/42_Projects/core_3/Minishell/minishell)
==730925==    by 0x1147A0: set_tok (in /home/gvalente/Desktop/42_Projects/core_3/Minishell/minishell)
==730925==    by 0x1148ED: get_split_tokens (in /home/gvalente/Desktop/42_Projects/core_3/Minishell/minishell)
==730925==    by 0x1149D6: tokenize_string (in /home/gvalente/Desktop/42_Projects/core_3/Minishell/minishell)
==730925==    by 0x10E290: exec_input (in /home/gvalente/Desktop/42_Projects/core_3/Minishell/minishell)
==730925==    by 0x113782: execute_line (in /home/gvalente/Desktop/42_Projects/core_3/Minishell/minishell)
==730925==    by 0x113859: exec_source (in /home/gvalente/Desktop/42_Projects/core_3/Minishell/minishell)
==730925==    by 0x1138BE: source (in /home/gvalente/Desktop/42_Projects/core_3/Minishell/minishell)
==730925==    by 0x10A0D9: init_builtins_data (in /home/gvalente/Desktop/42_Projects/core_3/Minishell/minishell)
==730925==    by 0x109A85: init_msh_data (in /home/gvalente/Desktop/42_Projects/core_3/Minishell/minishell)
==730925== 
==730925== 45 bytes in 8 blocks are still reachable in loss record 2 of 9
==730925==    at 0xCCB9899: malloc (in /usr/libexec/valgrind/vgpreload_memcheck-amd64-linux.so)
==730925==    by 0x117AD6: ft_strdup (in /home/gvalente/Desktop/42_Projects/core_3/Minishell/minishell)
==730925==    by 0x11635F: new_token (in /home/gvalente/Desktop/42_Projects/core_3/Minishell/minishell)
==730925==    by 0x1147A0: set_tok (in /home/gvalente/Desktop/42_Projects/core_3/Minishell/minishell)
==730925==    by 0x1148ED: get_split_tokens (in /home/gvalente/Desktop/42_Projects/core_3/Minishell/minishell)
==730925==    by 0x1149D6: tokenize_string (in /home/gvalente/Desktop/42_Projects/core_3/Minishell/minishell)
==730925==    by 0x10E290: exec_input (in /home/gvalente/Desktop/42_Projects/core_3/Minishell/minishell)
==730925==    by 0x113782: execute_line (in /home/gvalente/Desktop/42_Projects/core_3/Minishell/minishell)
==730925==    by 0x113859: exec_source (in /home/gvalente/Desktop/42_Projects/core_3/Minishell/minishell)
==730925==    by 0x1138BE: source (in /home/gvalente/Desktop/42_Projects/core_3/Minishell/minishell)
==730925==    by 0x10A0D9: init_builtins_data (in /home/gvalente/Desktop/42_Projects/core_3/Minishell/minishell)
==730925==    by 0x109A85: init_msh_data (in /home/gvalente/Desktop/42_Projects/core_3/Minishell/minishell)
==730925== 
==730925== 336 bytes in 3 blocks are indirectly lost in loss record 3 of 9
==730925==    at 0xCCB9899: malloc (in /usr/libexec/valgrind/vgpreload_memcheck-amd64-linux.so)
==730925==    by 0x1162CE: new_token (in /home/gvalente/Desktop/42_Projects/core_3/Minishell/minishell)
==730925==    by 0x1147A0: set_tok (in /home/gvalente/Desktop/42_Projects/core_3/Minishell/minishell)
==730925==    by 0x1148ED: get_split_tokens (in /home/gvalente/Desktop/42_Projects/core_3/Minishell/minishell)
==730925==    by 0x1149D6: tokenize_string (in /home/gvalente/Desktop/42_Projects/core_3/Minishell/minishell)
==730925==    by 0x10E290: exec_input (in /home/gvalente/Desktop/42_Projects/core_3/Minishell/minishell)
==730925==    by 0x113782: execute_line (in /home/gvalente/Desktop/42_Projects/core_3/Minishell/minishell)
==730925==    by 0x113859: exec_source (in /home/gvalente/Desktop/42_Projects/core_3/Minishell/minishell)
==730925==    by 0x1138BE: source (in /home/gvalente/Desktop/42_Projects/core_3/Minishell/minishell)
==730925==    by 0x10A0D9: init_builtins_data (in /home/gvalente/Desktop/42_Projects/core_3/Minishell/minishell)
==730925==    by 0x109A85: init_msh_data (in /home/gvalente/Desktop/42_Projects/core_3/Minishell/minishell)
==730925==    by 0x1177DE: init_msh (in /home/gvalente/Desktop/42_Projects/core_3/Minishell/minishell)
==730925== 
==730925== 475 (112 direct, 363 indirect) bytes in 1 blocks are definitely lost in loss record 4 of 9
==730925==    at 0xCCB9899: malloc (in /usr/libexec/valgrind/vgpreload_memcheck-amd64-linux.so)
==730925==    by 0x1162CE: new_token (in /home/gvalente/Desktop/42_Projects/core_3/Minishell/minishell)
==730925==    by 0x1147A0: set_tok (in /home/gvalente/Desktop/42_Projects/core_3/Minishell/minishell)
==730925==    by 0x1148ED: get_split_tokens (in /home/gvalente/Desktop/42_Projects/core_3/Minishell/minishell)
==730925==    by 0x1149D6: tokenize_string (in /home/gvalente/Desktop/42_Projects/core_3/Minishell/minishell)
==730925==    by 0x10E290: exec_input (in /home/gvalente/Desktop/42_Projects/core_3/Minishell/minishell)
==730925==    by 0x113782: execute_line (in /home/gvalente/Desktop/42_Projects/core_3/Minishell/minishell)
==730925==    by 0x113859: exec_source (in /home/gvalente/Desktop/42_Projects/core_3/Minishell/minishell)
==730925==    by 0x1138BE: source (in /home/gvalente/Desktop/42_Projects/core_3/Minishell/minishell)
==730925==    by 0x10A0D9: init_builtins_data (in /home/gvalente/Desktop/42_Projects/core_3/Minishell/minishell)
==730925==    by 0x109A85: init_msh_data (in /home/gvalente/Desktop/42_Projects/core_3/Minishell/minishell)
==730925==    by 0x1177DE: init_msh (in /home/gvalente/Desktop/42_Projects/core_3/Minishell/minishell)
==730925== 
==730925== 896 bytes in 8 blocks are still reachable in loss record 5 of 9
==730925==    at 0xCCB9899: malloc (in /usr/libexec/valgrind/vgpreload_memcheck-amd64-linux.so)
==730925==    by 0x1162CE: new_token (in /home/gvalente/Desktop/42_Projects/core_3/Minishell/minishell)
==730925==    by 0x1147A0: set_tok (in /home/gvalente/Desktop/42_Projects/core_3/Minishell/minishell)
==730925==    by 0x1148ED: get_split_tokens (in /home/gvalente/Desktop/42_Projects/core_3/Minishell/minishell)
==730925==    by 0x1149D6: tokenize_string (in /home/gvalente/Desktop/42_Projects/core_3/Minishell/minishell)
==730925==    by 0x10E290: exec_input (in /home/gvalente/Desktop/42_Projects/core_3/Minishell/minishell)
==730925==    by 0x113782: execute_line (in /home/gvalente/Desktop/42_Projects/core_3/Minishell/minishell)
==730925==    by 0x113859: exec_source (in /home/gvalente/Desktop/42_Projects/core_3/Minishell/minishell)
==730925==    by 0x1138BE: source (in /home/gvalente/Desktop/42_Projects/core_3/Minishell/minishell)
==730925==    by 0x10A0D9: init_builtins_data (in /home/gvalente/Desktop/42_Projects/core_3/Minishell/minishell)
==730925==    by 0x109A85: init_msh_data (in /home/gvalente/Desktop/42_Projects/core_3/Minishell/minishell)
==730925==    by 0x1177DE: init_msh (in /home/gvalente/Desktop/42_Projects/core_3/Minishell/minishell)
==730925== 
==730925== LEAK SUMMARY:
==730925==    definitely lost: 112 bytes in 1 blocks
==730925==    indirectly lost: 363 bytes in 7 blocks
==730925==      possibly lost: 0 bytes in 0 blocks
==730925==    still reachable: 941 bytes in 16 blocks
==730925==         suppressed: 17,214 bytes in 865 blocks
==730925== 
==730925== For lists of detected and suppressed errors, rerun with: -s
==730925== ERROR SUMMARY: 1 errors from 1 contexts (suppressed: 0 from 0)
==730847== 
==730847== FILE DESCRIPTORS: 9 open (3 std) at exit.
==730847== Open file descriptor 103: /usr/share/code/v8_context_snapshot.bin
==730847==    <inherited from parent>
==730847== 
==730847== Open AF_UNIX socket 46: <unknown>
==730847==    <inherited from parent>
==730847== 
==730847== Open AF_UNIX socket 45: <unknown>
==730847==    <inherited from parent>
==730847== 
==730847== Open file descriptor 43: /home/gvalente/.config/Code/logs/20250303T111541/ptyhost.log
==730847==    <inherited from parent>
==730847== 
==730847== Open file descriptor 29: /dev/ptmx
==730847==    <inherited from parent>
==730847== 
==730847== Open file descriptor 3: /home/gvalente/Desktop/42_Projects/core_3/Minishell/leaks.log
==730847==    <inherited from parent>
==730847== 
==730847== 
==730847== HEAP SUMMARY:
==730847==     in use at exit: 222,411 bytes in 1,102 blocks
==730847==   total heap usage: 5,853 allocs, 4,751 frees, 386,828 bytes allocated
==730847== 
==730847== 38 bytes in 8 blocks are indirectly lost in loss record 11 of 69
==730847==    at 0xCCB9899: malloc (in /usr/libexec/valgrind/vgpreload_memcheck-amd64-linux.so)
==730847==    by 0x117AD6: ft_strdup (in /home/gvalente/Desktop/42_Projects/core_3/Minishell/minishell)
==730847==    by 0x11635F: new_token (in /home/gvalente/Desktop/42_Projects/core_3/Minishell/minishell)
==730847==    by 0x1147A0: set_tok (in /home/gvalente/Desktop/42_Projects/core_3/Minishell/minishell)
==730847==    by 0x1148ED: get_split_tokens (in /home/gvalente/Desktop/42_Projects/core_3/Minishell/minishell)
==730847==    by 0x1149D6: tokenize_string (in /home/gvalente/Desktop/42_Projects/core_3/Minishell/minishell)
==730847==    by 0x10E290: exec_input (in /home/gvalente/Desktop/42_Projects/core_3/Minishell/minishell)
==730847==    by 0x113782: execute_line (in /home/gvalente/Desktop/42_Projects/core_3/Minishell/minishell)
==730847==    by 0x113859: exec_source (in /home/gvalente/Desktop/42_Projects/core_3/Minishell/minishell)
==730847==    by 0x1138BE: source (in /home/gvalente/Desktop/42_Projects/core_3/Minishell/minishell)
==730847==    by 0x10A0D9: init_builtins_data (in /home/gvalente/Desktop/42_Projects/core_3/Minishell/minishell)
==730847==    by 0x109A85: init_msh_data (in /home/gvalente/Desktop/42_Projects/core_3/Minishell/minishell)
==730847== 
==730847== 672 bytes in 6 blocks are indirectly lost in loss record 26 of 69
==730847==    at 0xCCB9899: malloc (in /usr/libexec/valgrind/vgpreload_memcheck-amd64-linux.so)
==730847==    by 0x1162CE: new_token (in /home/gvalente/Desktop/42_Projects/core_3/Minishell/minishell)
==730847==    by 0x1147A0: set_tok (in /home/gvalente/Desktop/42_Projects/core_3/Minishell/minishell)
==730847==    by 0x1148ED: get_split_tokens (in /home/gvalente/Desktop/42_Projects/core_3/Minishell/minishell)
==730847==    by 0x1149D6: tokenize_string (in /home/gvalente/Desktop/42_Projects/core_3/Minishell/minishell)
==730847==    by 0x10E290: exec_input (in /home/gvalente/Desktop/42_Projects/core_3/Minishell/minishell)
==730847==    by 0x113782: execute_line (in /home/gvalente/Desktop/42_Projects/core_3/Minishell/minishell)
==730847==    by 0x113859: exec_source (in /home/gvalente/Desktop/42_Projects/core_3/Minishell/minishell)
==730847==    by 0x1138BE: source (in /home/gvalente/Desktop/42_Projects/core_3/Minishell/minishell)
==730847==    by 0x10A0D9: init_builtins_data (in /home/gvalente/Desktop/42_Projects/core_3/Minishell/minishell)
==730847==    by 0x109A85: init_msh_data (in /home/gvalente/Desktop/42_Projects/core_3/Minishell/minishell)
==730847==    by 0x1177DE: init_msh (in /home/gvalente/Desktop/42_Projects/core_3/Minishell/minishell)
==730847== 
==730847== 934 (224 direct, 710 indirect) bytes in 2 blocks are definitely lost in loss record 28 of 69
==730847==    at 0xCCB9899: malloc (in /usr/libexec/valgrind/vgpreload_memcheck-amd64-linux.so)
==730847==    by 0x1162CE: new_token (in /home/gvalente/Desktop/42_Projects/core_3/Minishell/minishell)
==730847==    by 0x1147A0: set_tok (in /home/gvalente/Desktop/42_Projects/core_3/Minishell/minishell)
==730847==    by 0x1148ED: get_split_tokens (in /home/gvalente/Desktop/42_Projects/core_3/Minishell/minishell)
==730847==    by 0x1149D6: tokenize_string (in /home/gvalente/Desktop/42_Projects/core_3/Minishell/minishell)
==730847==    by 0x10E290: exec_input (in /home/gvalente/Desktop/42_Projects/core_3/Minishell/minishell)
==730847==    by 0x113782: execute_line (in /home/gvalente/Desktop/42_Projects/core_3/Minishell/minishell)
==730847==    by 0x113859: exec_source (in /home/gvalente/Desktop/42_Projects/core_3/Minishell/minishell)
==730847==    by 0x1138BE: source (in /home/gvalente/Desktop/42_Projects/core_3/Minishell/minishell)
==730847==    by 0x10A0D9: init_builtins_data (in /home/gvalente/Desktop/42_Projects/core_3/Minishell/minishell)
==730847==    by 0x109A85: init_msh_data (in /home/gvalente/Desktop/42_Projects/core_3/Minishell/minishell)
==730847==    by 0x1177DE: init_msh (in /home/gvalente/Desktop/42_Projects/core_3/Minishell/minishell)
==730847== 
==730847== LEAK SUMMARY:
==730847==    definitely lost: 224 bytes in 2 blocks
==730847==    indirectly lost: 710 bytes in 14 blocks
==730847==      possibly lost: 0 bytes in 0 blocks
==730847==    still reachable: 0 bytes in 0 blocks
==730847==         suppressed: 221,477 bytes in 1,086 blocks
==730847== 
==730847== For lists of detected and suppressed errors, rerun with: -s
==730847== ERROR SUMMARY: 1 errors from 1 contexts (suppressed: 0 from 0)
